c:\users\jeffrey\source\repos\introcardgame\introcardgame\debug\vc142.pdb
c:\users\jeffrey\source\repos\introcardgame\introcardgame\debug\vc142.idb
c:\users\jeffrey\source\repos\introcardgame\introcardgame\debug\player.obj
c:\users\jeffrey\source\repos\introcardgame\introcardgame\debug\introcardgame.obj
c:\users\jeffrey\source\repos\introcardgame\introcardgame\debug\healthcard.obj
c:\users\jeffrey\source\repos\introcardgame\introcardgame\debug\game.obj
c:\users\jeffrey\source\repos\introcardgame\introcardgame\debug\deck.obj
c:\users\jeffrey\source\repos\introcardgame\introcardgame\debug\card.obj
c:\users\jeffrey\source\repos\introcardgame\introcardgame\debug\attackcard.obj
c:\users\jeffrey\source\repos\introcardgame\introcardgame\debug\armorcard.obj
c:\users\jeffrey\source\repos\introcardgame\debug\introcardgame.exe
c:\users\jeffrey\source\repos\introcardgame\introcardgame\debug\introcardgame.ilk
c:\users\jeffrey\source\repos\introcardgame\debug\introcardgame.pdb
c:\users\jeffrey\source\repos\introcardgame\introcardgame\debug\introcardgame.res
c:\users\jeffrey\source\repos\introcardgame\introcardgame\debug\introcardgame.tlog\cl.command.1.tlog
c:\users\jeffrey\source\repos\introcardgame\introcardgame\debug\introcardgame.tlog\cl.read.1.tlog
c:\users\jeffrey\source\repos\introcardgame\introcardgame\debug\introcardgame.tlog\cl.write.1.tlog
c:\users\jeffrey\source\repos\introcardgame\introcardgame\debug\introcardgame.tlog\link.command.1.tlog
c:\users\jeffrey\source\repos\introcardgame\introcardgame\debug\introcardgame.tlog\link.read.1.tlog
c:\users\jeffrey\source\repos\introcardgame\introcardgame\debug\introcardgame.tlog\link.write.1.tlog
c:\users\jeffrey\source\repos\introcardgame\introcardgame\debug\introcardgame.tlog\rc.command.1.tlog
c:\users\jeffrey\source\repos\introcardgame\introcardgame\debug\introcardgame.tlog\rc.read.1.tlog
c:\users\jeffrey\source\repos\introcardgame\introcardgame\debug\introcardgame.tlog\rc.write.1.tlog
